CRITICAL - 2025-02-26 13:08:52 --> ParseError: syntax error, unexpected token "endforeach", expecting "elseif" or "else" or "endif"
[Method: GET, Route: entry/1A9N_Q_B]
in APPPATH/Views/entry.php on line 191.
 1 SYSTEMPATH/View/View.php(227): CodeIgniter\View\View->{closure:CodeIgniter\View\View::render():221}()
 2 SYSTEMPATH/Common.php(1173): CodeIgniter\View\View->render('entry', [], true)
 3 APPPATH/Controllers/Home.php(165): view('entry', [...])
 4 SYSTEMPATH/CodeIgniter.php(933): App\Controllers\Home->entry('1A9N_Q_B')
 5 SYSTEMPATH/CodeIgniter.php(507): CodeIgniter\CodeIgniter->runController(Object(App\Controllers\Home))
 6 SYSTEMPATH/CodeIgniter.php(354): CodeIgniter\CodeIgniter->handleRequest(null, Object(Config\Cache), false)
 7 SYSTEMPATH/Boot.php(334): CodeIgniter\CodeIgniter->run()
 8 SYSTEMPATH/Boot.php(67): CodeIgniter\Boot::runCodeIgniter(Object(CodeIgniter\CodeIgniter))
 9 FCPATH/index.php(56): CodeIgniter\Boot::bootWeb(Object(Config\Paths))
10 SYSTEMPATH/rewrite.php(44): require_once('/Users/diego/Documents/GitHub/rnapedia2_5/public/index.php')
CRITICAL - 2025-02-26 13:16:53 --> ErrorException: Undefined array key "seq"
[Method: GET, Route: entry/1A9N_Q_B]
in APPPATH/Views/entry.php on line 125.
 1 APPPATH/Views/entry.php(125): CodeIgniter\Debug\Exceptions->errorHandler(2, 'Undefined array key "seq"', '/Users/diego/Documents/GitHub/rnapedia2_5/app/Views/entry.php', 125)
 2 SYSTEMPATH/View/View.php(224): include('/Users/diego/Documents/GitHub/rnapedia2_5/app/Views/entry.php')
 3 SYSTEMPATH/View/View.php(227): CodeIgniter\View\View->{closure:CodeIgniter\View\View::render():221}()
 4 SYSTEMPATH/Common.php(1173): CodeIgniter\View\View->render('entry', [], true)
 5 APPPATH/Controllers/Home.php(178): view('entry', [...])
 6 SYSTEMPATH/CodeIgniter.php(933): App\Controllers\Home->entry('1A9N_Q_B')
 7 SYSTEMPATH/CodeIgniter.php(507): CodeIgniter\CodeIgniter->runController(Object(App\Controllers\Home))
 8 SYSTEMPATH/CodeIgniter.php(354): CodeIgniter\CodeIgniter->handleRequest(null, Object(Config\Cache), false)
 9 SYSTEMPATH/Boot.php(334): CodeIgniter\CodeIgniter->run()
10 SYSTEMPATH/Boot.php(67): CodeIgniter\Boot::runCodeIgniter(Object(CodeIgniter\CodeIgniter))
11 FCPATH/index.php(56): CodeIgniter\Boot::bootWeb(Object(Config\Paths))
12 SYSTEMPATH/rewrite.php(44): require_once('/Users/diego/Documents/GitHub/rnapedia2_5/public/index.php')
CRITICAL - 2025-02-26 17:43:02 --> ErrorException: fopen(./data/structures/1A34_B_A/info.txt): Failed to open stream: No such file or directory
[Method: GET, Route: entry/1A34_B_A]
in APPPATH/Controllers/Home.php on line 35.
 1 [internal function]: CodeIgniter\Debug\Exceptions->errorHandler(2, 'fopen(./data/structures/1A34_B_A/info.txt): Failed to open stream: No such file or directory', '/Users/diego/Documents/GitHub/rnapedia2_5/app/Controllers/Home.php', 35)
 2 APPPATH/Controllers/Home.php(35): fopen('./data/structures/1A34_B_A/info.txt', 'r')
 3 APPPATH/Controllers/Home.php(170): App\Controllers\Home->getInfo('1A34_B_A')
 4 SYSTEMPATH/CodeIgniter.php(933): App\Controllers\Home->entry('1A34_B_A')
 5 SYSTEMPATH/CodeIgniter.php(507): CodeIgniter\CodeIgniter->runController(Object(App\Controllers\Home))
 6 SYSTEMPATH/CodeIgniter.php(354): CodeIgniter\CodeIgniter->handleRequest(null, Object(Config\Cache), false)
 7 SYSTEMPATH/Boot.php(334): CodeIgniter\CodeIgniter->run()
 8 SYSTEMPATH/Boot.php(67): CodeIgniter\Boot::runCodeIgniter(Object(CodeIgniter\CodeIgniter))
 9 FCPATH/index.php(56): CodeIgniter\Boot::bootWeb(Object(Config\Paths))
10 SYSTEMPATH/rewrite.php(44): require_once('/Users/diego/Documents/GitHub/rnapedia2_5/public/index.php')
CRITICAL - 2025-02-26 17:43:27 --> ErrorException: fopen(./data/structures/1A34_B_A/info.txt): Failed to open stream: No such file or directory
[Method: GET, Route: entry/1A34_B_A]
in APPPATH/Controllers/Home.php on line 35.
 1 [internal function]: CodeIgniter\Debug\Exceptions->errorHandler(2, 'fopen(./data/structures/1A34_B_A/info.txt): Failed to open stream: No such file or directory', '/Users/diego/Documents/GitHub/rnapedia2_5/app/Controllers/Home.php', 35)
 2 APPPATH/Controllers/Home.php(35): fopen('./data/structures/1A34_B_A/info.txt', 'r')
 3 APPPATH/Controllers/Home.php(170): App\Controllers\Home->getInfo('1A34_B_A')
 4 SYSTEMPATH/CodeIgniter.php(933): App\Controllers\Home->entry('1A34_B_A')
 5 SYSTEMPATH/CodeIgniter.php(507): CodeIgniter\CodeIgniter->runController(Object(App\Controllers\Home))
 6 SYSTEMPATH/CodeIgniter.php(354): CodeIgniter\CodeIgniter->handleRequest(null, Object(Config\Cache), false)
 7 SYSTEMPATH/Boot.php(334): CodeIgniter\CodeIgniter->run()
 8 SYSTEMPATH/Boot.php(67): CodeIgniter\Boot::runCodeIgniter(Object(CodeIgniter\CodeIgniter))
 9 FCPATH/index.php(56): CodeIgniter\Boot::bootWeb(Object(Config\Paths))
10 SYSTEMPATH/rewrite.php(44): require_once('/Users/diego/Documents/GitHub/rnapedia2_5/public/index.php')
CRITICAL - 2025-02-26 17:44:00 --> ErrorException: fopen(./data/structures/1A34_B_A/info.txt): Failed to open stream: No such file or directory
[Method: GET, Route: entry/1A34_B_A]
in APPPATH/Controllers/Home.php on line 35.
 1 [internal function]: CodeIgniter\Debug\Exceptions->errorHandler(2, 'fopen(./data/structures/1A34_B_A/info.txt): Failed to open stream: No such file or directory', '/Users/diego/Documents/GitHub/rnapedia2_5/app/Controllers/Home.php', 35)
 2 APPPATH/Controllers/Home.php(35): fopen('./data/structures/1A34_B_A/info.txt', 'r')
 3 APPPATH/Controllers/Home.php(170): App\Controllers\Home->getInfo('1A34_B_A')
 4 SYSTEMPATH/CodeIgniter.php(933): App\Controllers\Home->entry('1A34_B_A')
 5 SYSTEMPATH/CodeIgniter.php(507): CodeIgniter\CodeIgniter->runController(Object(App\Controllers\Home))
 6 SYSTEMPATH/CodeIgniter.php(354): CodeIgniter\CodeIgniter->handleRequest(null, Object(Config\Cache), false)
 7 SYSTEMPATH/Boot.php(334): CodeIgniter\CodeIgniter->run()
 8 SYSTEMPATH/Boot.php(67): CodeIgniter\Boot::runCodeIgniter(Object(CodeIgniter\CodeIgniter))
 9 FCPATH/index.php(56): CodeIgniter\Boot::bootWeb(Object(Config\Paths))
10 SYSTEMPATH/rewrite.php(44): require_once('/Users/diego/Documents/GitHub/rnapedia2_5/public/index.php')
CRITICAL - 2025-02-26 22:33:53 --> ErrorException: fopen(./data/structures/8WO8_B_A/info_extra_8WO8_B_A.csv): Failed to open stream: No such file or directory
[Method: GET, Route: entry/8WO8_B_A]
in APPPATH/Controllers/Home.php on line 87.
 1 [internal function]: CodeIgniter\Debug\Exceptions->errorHandler(2, 'fopen(./data/structures/8WO8_B_A/info_extra_8WO8_B_A.csv): Failed to open stream: No such file or directory', '/Users/diego/Documents/GitHub/rnapedia2_5/app/Controllers/Home.php', 87)
 2 APPPATH/Controllers/Home.php(87): fopen('./data/structures/8WO8_B_A/info_extra_8WO8_B_A.csv', 'r')
 3 APPPATH/Controllers/Home.php(206): App\Controllers\Home->getRna('8WO8_B_A')
 4 SYSTEMPATH/CodeIgniter.php(933): App\Controllers\Home->entry('8WO8_B_A')
 5 SYSTEMPATH/CodeIgniter.php(507): CodeIgniter\CodeIgniter->runController(Object(App\Controllers\Home))
 6 SYSTEMPATH/CodeIgniter.php(354): CodeIgniter\CodeIgniter->handleRequest(null, Object(Config\Cache), false)
 7 SYSTEMPATH/Boot.php(334): CodeIgniter\CodeIgniter->run()
 8 SYSTEMPATH/Boot.php(67): CodeIgniter\Boot::runCodeIgniter(Object(CodeIgniter\CodeIgniter))
 9 FCPATH/index.php(56): CodeIgniter\Boot::bootWeb(Object(Config\Paths))
10 SYSTEMPATH/rewrite.php(44): require_once('/Users/diego/Documents/GitHub/rnapedia2_5/public/index.php')
CRITICAL - 2025-02-26 22:34:02 --> ErrorException: Undefined variable $pronab_id
[Method: GET, Route: entry/1A9N_Q_B]
in APPPATH/Views/entry.php on line 169.
 1 APPPATH/Views/entry.php(169): CodeIgniter\Debug\Exceptions->errorHandler(2, 'Undefined variable $pronab_id', '/Users/diego/Documents/GitHub/rnapedia2_5/app/Views/entry.php', 169)
 2 SYSTEMPATH/View/View.php(224): include('/Users/diego/Documents/GitHub/rnapedia2_5/app/Views/entry.php')
 3 SYSTEMPATH/View/View.php(227): CodeIgniter\View\View->{closure:CodeIgniter\View\View::render():221}()
 4 SYSTEMPATH/Common.php(1173): CodeIgniter\View\View->render('entry', [], true)
 5 APPPATH/Controllers/Home.php(214): view('entry', [...])
 6 SYSTEMPATH/CodeIgniter.php(933): App\Controllers\Home->entry('1A9N_Q_B')
 7 SYSTEMPATH/CodeIgniter.php(507): CodeIgniter\CodeIgniter->runController(Object(App\Controllers\Home))
 8 SYSTEMPATH/CodeIgniter.php(354): CodeIgniter\CodeIgniter->handleRequest(null, Object(Config\Cache), false)
 9 SYSTEMPATH/Boot.php(334): CodeIgniter\CodeIgniter->run()
10 SYSTEMPATH/Boot.php(67): CodeIgniter\Boot::runCodeIgniter(Object(CodeIgniter\CodeIgniter))
11 FCPATH/index.php(56): CodeIgniter\Boot::bootWeb(Object(Config\Paths))
12 SYSTEMPATH/rewrite.php(44): require_once('/Users/diego/Documents/GitHub/rnapedia2_5/public/index.php')
CRITICAL - 2025-02-26 22:34:46 --> ErrorException: Undefined variable $pronab_id
[Method: GET, Route: entry/1A9N_Q_B]
in APPPATH/Views/entry.php on line 169.
 1 APPPATH/Views/entry.php(169): CodeIgniter\Debug\Exceptions->errorHandler(2, 'Undefined variable $pronab_id', '/Users/diego/Documents/GitHub/rnapedia2_5/app/Views/entry.php', 169)
 2 SYSTEMPATH/View/View.php(224): include('/Users/diego/Documents/GitHub/rnapedia2_5/app/Views/entry.php')
 3 SYSTEMPATH/View/View.php(227): CodeIgniter\View\View->{closure:CodeIgniter\View\View::render():221}()
 4 SYSTEMPATH/Common.php(1173): CodeIgniter\View\View->render('entry', [], true)
 5 APPPATH/Controllers/Home.php(214): view('entry', [...])
 6 SYSTEMPATH/CodeIgniter.php(933): App\Controllers\Home->entry('1A9N_Q_B')
 7 SYSTEMPATH/CodeIgniter.php(507): CodeIgniter\CodeIgniter->runController(Object(App\Controllers\Home))
 8 SYSTEMPATH/CodeIgniter.php(354): CodeIgniter\CodeIgniter->handleRequest(null, Object(Config\Cache), false)
 9 SYSTEMPATH/Boot.php(334): CodeIgniter\CodeIgniter->run()
10 SYSTEMPATH/Boot.php(67): CodeIgniter\Boot::runCodeIgniter(Object(CodeIgniter\CodeIgniter))
11 FCPATH/index.php(56): CodeIgniter\Boot::bootWeb(Object(Config\Paths))
12 SYSTEMPATH/rewrite.php(44): require_once('/Users/diego/Documents/GitHub/rnapedia2_5/public/index.php')
CRITICAL - 2025-02-26 22:34:47 --> ErrorException: Undefined variable $pronab_id
[Method: GET, Route: entry/1A9N_Q_B]
in APPPATH/Views/entry.php on line 169.
 1 APPPATH/Views/entry.php(169): CodeIgniter\Debug\Exceptions->errorHandler(2, 'Undefined variable $pronab_id', '/Users/diego/Documents/GitHub/rnapedia2_5/app/Views/entry.php', 169)
 2 SYSTEMPATH/View/View.php(224): include('/Users/diego/Documents/GitHub/rnapedia2_5/app/Views/entry.php')
 3 SYSTEMPATH/View/View.php(227): CodeIgniter\View\View->{closure:CodeIgniter\View\View::render():221}()
 4 SYSTEMPATH/Common.php(1173): CodeIgniter\View\View->render('entry', [], true)
 5 APPPATH/Controllers/Home.php(214): view('entry', [...])
 6 SYSTEMPATH/CodeIgniter.php(933): App\Controllers\Home->entry('1A9N_Q_B')
 7 SYSTEMPATH/CodeIgniter.php(507): CodeIgniter\CodeIgniter->runController(Object(App\Controllers\Home))
 8 SYSTEMPATH/CodeIgniter.php(354): CodeIgniter\CodeIgniter->handleRequest(null, Object(Config\Cache), false)
 9 SYSTEMPATH/Boot.php(334): CodeIgniter\CodeIgniter->run()
10 SYSTEMPATH/Boot.php(67): CodeIgniter\Boot::runCodeIgniter(Object(CodeIgniter\CodeIgniter))
11 FCPATH/index.php(56): CodeIgniter\Boot::bootWeb(Object(Config\Paths))
12 SYSTEMPATH/rewrite.php(44): require_once('/Users/diego/Documents/GitHub/rnapedia2_5/public/index.php')
CRITICAL - 2025-02-26 22:34:48 --> ErrorException: Undefined variable $pronab_id
[Method: GET, Route: entry/1A9N_Q_B]
in APPPATH/Views/entry.php on line 169.
 1 APPPATH/Views/entry.php(169): CodeIgniter\Debug\Exceptions->errorHandler(2, 'Undefined variable $pronab_id', '/Users/diego/Documents/GitHub/rnapedia2_5/app/Views/entry.php', 169)
 2 SYSTEMPATH/View/View.php(224): include('/Users/diego/Documents/GitHub/rnapedia2_5/app/Views/entry.php')
 3 SYSTEMPATH/View/View.php(227): CodeIgniter\View\View->{closure:CodeIgniter\View\View::render():221}()
 4 SYSTEMPATH/Common.php(1173): CodeIgniter\View\View->render('entry', [], true)
 5 APPPATH/Controllers/Home.php(214): view('entry', [...])
 6 SYSTEMPATH/CodeIgniter.php(933): App\Controllers\Home->entry('1A9N_Q_B')
 7 SYSTEMPATH/CodeIgniter.php(507): CodeIgniter\CodeIgniter->runController(Object(App\Controllers\Home))
 8 SYSTEMPATH/CodeIgniter.php(354): CodeIgniter\CodeIgniter->handleRequest(null, Object(Config\Cache), false)
 9 SYSTEMPATH/Boot.php(334): CodeIgniter\CodeIgniter->run()
10 SYSTEMPATH/Boot.php(67): CodeIgniter\Boot::runCodeIgniter(Object(CodeIgniter\CodeIgniter))
11 FCPATH/index.php(56): CodeIgniter\Boot::bootWeb(Object(Config\Paths))
12 SYSTEMPATH/rewrite.php(44): require_once('/Users/diego/Documents/GitHub/rnapedia2_5/public/index.php')
CRITICAL - 2025-02-26 22:35:02 --> ErrorException: Attempt to read property "pronab_id" on array
[Method: GET, Route: entry/1A9N_Q_B]
in APPPATH/Views/entry.php on line 169.
 1 APPPATH/Views/entry.php(169): CodeIgniter\Debug\Exceptions->errorHandler(2, 'Attempt to read property "pronab_id" on array', '/Users/diego/Documents/GitHub/rnapedia2_5/app/Views/entry.php', 169)
 2 SYSTEMPATH/View/View.php(224): include('/Users/diego/Documents/GitHub/rnapedia2_5/app/Views/entry.php')
 3 SYSTEMPATH/View/View.php(227): CodeIgniter\View\View->{closure:CodeIgniter\View\View::render():221}()
 4 SYSTEMPATH/Common.php(1173): CodeIgniter\View\View->render('entry', [], true)
 5 APPPATH/Controllers/Home.php(214): view('entry', [...])
 6 SYSTEMPATH/CodeIgniter.php(933): App\Controllers\Home->entry('1A9N_Q_B')
 7 SYSTEMPATH/CodeIgniter.php(507): CodeIgniter\CodeIgniter->runController(Object(App\Controllers\Home))
 8 SYSTEMPATH/CodeIgniter.php(354): CodeIgniter\CodeIgniter->handleRequest(null, Object(Config\Cache), false)
 9 SYSTEMPATH/Boot.php(334): CodeIgniter\CodeIgniter->run()
10 SYSTEMPATH/Boot.php(67): CodeIgniter\Boot::runCodeIgniter(Object(CodeIgniter\CodeIgniter))
11 FCPATH/index.php(56): CodeIgniter\Boot::bootWeb(Object(Config\Paths))
12 SYSTEMPATH/rewrite.php(44): require_once('/Users/diego/Documents/GitHub/rnapedia2_5/public/index.php')
CRITICAL - 2025-02-26 22:35:03 --> ErrorException: Attempt to read property "pronab_id" on array
[Method: GET, Route: entry/1A9N_Q_B]
in APPPATH/Views/entry.php on line 169.
 1 APPPATH/Views/entry.php(169): CodeIgniter\Debug\Exceptions->errorHandler(2, 'Attempt to read property "pronab_id" on array', '/Users/diego/Documents/GitHub/rnapedia2_5/app/Views/entry.php', 169)
 2 SYSTEMPATH/View/View.php(224): include('/Users/diego/Documents/GitHub/rnapedia2_5/app/Views/entry.php')
 3 SYSTEMPATH/View/View.php(227): CodeIgniter\View\View->{closure:CodeIgniter\View\View::render():221}()
 4 SYSTEMPATH/Common.php(1173): CodeIgniter\View\View->render('entry', [], true)
 5 APPPATH/Controllers/Home.php(214): view('entry', [...])
 6 SYSTEMPATH/CodeIgniter.php(933): App\Controllers\Home->entry('1A9N_Q_B')
 7 SYSTEMPATH/CodeIgniter.php(507): CodeIgniter\CodeIgniter->runController(Object(App\Controllers\Home))
 8 SYSTEMPATH/CodeIgniter.php(354): CodeIgniter\CodeIgniter->handleRequest(null, Object(Config\Cache), false)
 9 SYSTEMPATH/Boot.php(334): CodeIgniter\CodeIgniter->run()
10 SYSTEMPATH/Boot.php(67): CodeIgniter\Boot::runCodeIgniter(Object(CodeIgniter\CodeIgniter))
11 FCPATH/index.php(56): CodeIgniter\Boot::bootWeb(Object(Config\Paths))
12 SYSTEMPATH/rewrite.php(44): require_once('/Users/diego/Documents/GitHub/rnapedia2_5/public/index.php')
CRITICAL - 2025-02-26 23:01:46 --> Error: Cannot use object of type stdClass as array
[Method: GET, Route: entry/1A9N_Q_B]
in APPPATH/Controllers/Home.php on line 168.
 1 APPPATH/Controllers/Home.php(227): App\Controllers\Home->getProtein('1A9N_Q_B')
 2 SYSTEMPATH/CodeIgniter.php(933): App\Controllers\Home->entry('1A9N_Q_B')
 3 SYSTEMPATH/CodeIgniter.php(507): CodeIgniter\CodeIgniter->runController(Object(App\Controllers\Home))
 4 SYSTEMPATH/CodeIgniter.php(354): CodeIgniter\CodeIgniter->handleRequest(null, Object(Config\Cache), false)
 5 SYSTEMPATH/Boot.php(334): CodeIgniter\CodeIgniter->run()
 6 SYSTEMPATH/Boot.php(67): CodeIgniter\Boot::runCodeIgniter(Object(CodeIgniter\CodeIgniter))
 7 FCPATH/index.php(56): CodeIgniter\Boot::bootWeb(Object(Config\Paths))
 8 SYSTEMPATH/rewrite.php(44): require_once('/Users/diego/Documents/GitHub/rnapedia2_5/public/index.php')
CRITICAL - 2025-02-26 23:01:47 --> Error: Cannot use object of type stdClass as array
[Method: GET, Route: entry/1A9N_Q_B]
in APPPATH/Controllers/Home.php on line 168.
 1 APPPATH/Controllers/Home.php(227): App\Controllers\Home->getProtein('1A9N_Q_B')
 2 SYSTEMPATH/CodeIgniter.php(933): App\Controllers\Home->entry('1A9N_Q_B')
 3 SYSTEMPATH/CodeIgniter.php(507): CodeIgniter\CodeIgniter->runController(Object(App\Controllers\Home))
 4 SYSTEMPATH/CodeIgniter.php(354): CodeIgniter\CodeIgniter->handleRequest(null, Object(Config\Cache), false)
 5 SYSTEMPATH/Boot.php(334): CodeIgniter\CodeIgniter->run()
 6 SYSTEMPATH/Boot.php(67): CodeIgniter\Boot::runCodeIgniter(Object(CodeIgniter\CodeIgniter))
 7 FCPATH/index.php(56): CodeIgniter\Boot::bootWeb(Object(Config\Paths))
 8 SYSTEMPATH/rewrite.php(44): require_once('/Users/diego/Documents/GitHub/rnapedia2_5/public/index.php')
CRITICAL - 2025-02-26 23:24:45 --> ErrorException: fopen(./data/structures/1A9N_Q_B/energy_details.txt): Failed to open stream: No such file or directory
[Method: GET, Route: entry/1A9N_Q_B]
in APPPATH/Controllers/Home.php on line 135.
 1 [internal function]: CodeIgniter\Debug\Exceptions->errorHandler(2, 'fopen(./data/structures/1A9N_Q_B/energy_details.txt): Failed to open stream: No such file or directory', '/Users/diego/Documents/GitHub/rnapedia2_5/app/Controllers/Home.php', 135)
 2 APPPATH/Controllers/Home.php(135): fopen('./data/structures/1A9N_Q_B/energy_details.txt', 'r')
 3 APPPATH/Controllers/Home.php(221): App\Controllers\Home->getRna('1A9N_Q_B')
 4 SYSTEMPATH/CodeIgniter.php(933): App\Controllers\Home->entry('1A9N_Q_B')
 5 SYSTEMPATH/CodeIgniter.php(507): CodeIgniter\CodeIgniter->runController(Object(App\Controllers\Home))
 6 SYSTEMPATH/CodeIgniter.php(354): CodeIgniter\CodeIgniter->handleRequest(null, Object(Config\Cache), false)
 7 SYSTEMPATH/Boot.php(334): CodeIgniter\CodeIgniter->run()
 8 SYSTEMPATH/Boot.php(67): CodeIgniter\Boot::runCodeIgniter(Object(CodeIgniter\CodeIgniter))
 9 FCPATH/index.php(56): CodeIgniter\Boot::bootWeb(Object(Config\Paths))
10 SYSTEMPATH/rewrite.php(44): require_once('/Users/diego/Documents/GitHub/rnapedia2_5/public/index.php')
